[2025-01-14T15:53:26.376+0000] {manager.py:487} INFO - Processing files using up to 2 processes at a time 
[2025-01-14T15:53:26.376+0000] {manager.py:488} INFO - Process each file at most once every 30 seconds
[2025-01-14T15:53:26.376+0000] {manager.py:489} INFO - Checking for new files in /opt/airflow/dags every 300 seconds
[2025-01-14T15:53:26.377+0000] {manager.py:755} INFO - Searching for files in /opt/airflow/dags
[2025-01-14T15:53:26.377+0000] {manager.py:758} INFO - There are 1 files in /opt/airflow/dags
[2025-01-14T15:53:26.443+0000] {manager.py:887} INFO - 
================================================================================
DAG File Processing Stats

File Path                          PID  Runtime      # DAGs    # Errors  Last Runtime    Last Run
-------------------------------  -----  ---------  --------  ----------  --------------  ----------
/opt/airflow/dags/reddit_dag.py     37  0.03s             0           0
================================================================================
[2025-01-14T15:53:56.560+0000] {manager.py:887} INFO - 
================================================================================
DAG File Processing Stats

File Path                        PID    Runtime      # DAGs    # Errors  Last Runtime    Last Run
-------------------------------  -----  ---------  --------  ----------  --------------  -------------------
/opt/airflow/dags/reddit_dag.py                           0           1  0.62s           2025-01-14T15:53:27
================================================================================
[2025-01-14T15:54:26.681+0000] {manager.py:887} INFO - 
================================================================================
DAG File Processing Stats

File Path                        PID    Runtime      # DAGs    # Errors  Last Runtime    Last Run
-------------------------------  -----  ---------  --------  ----------  --------------  -------------------
/opt/airflow/dags/reddit_dag.py                           0           1  0.49s           2025-01-14T15:53:57
================================================================================
[2025-01-14T15:54:56.852+0000] {manager.py:887} INFO - 
================================================================================
DAG File Processing Stats

File Path                        PID    Runtime      # DAGs    # Errors  Last Runtime    Last Run
-------------------------------  -----  ---------  --------  ----------  --------------  -------------------
/opt/airflow/dags/reddit_dag.py                           0           1  0.48s           2025-01-14T15:54:28
================================================================================
[2025-01-14T15:55:26.858+0000] {manager.py:887} INFO - 
================================================================================
DAG File Processing Stats

File Path                        PID    Runtime      # DAGs    # Errors  Last Runtime    Last Run
-------------------------------  -----  ---------  --------  ----------  --------------  -------------------
/opt/airflow/dags/reddit_dag.py                           0           1  0.48s           2025-01-14T15:54:58
================================================================================
[2025-01-14T15:55:56.974+0000] {manager.py:887} INFO - 
================================================================================
DAG File Processing Stats

File Path                        PID    Runtime      # DAGs    # Errors  Last Runtime    Last Run
-------------------------------  -----  ---------  --------  ----------  --------------  -------------------
/opt/airflow/dags/reddit_dag.py                           0           1  0.50s           2025-01-14T15:55:29
================================================================================
[2025-01-14T15:56:27.091+0000] {manager.py:887} INFO - 
================================================================================
DAG File Processing Stats

File Path                        PID    Runtime      # DAGs    # Errors  Last Runtime    Last Run
-------------------------------  -----  ---------  --------  ----------  --------------  -------------------
/opt/airflow/dags/reddit_dag.py                           0           1  0.50s           2025-01-14T15:55:59
================================================================================
[2025-01-14T15:56:57.214+0000] {manager.py:887} INFO - 
================================================================================
DAG File Processing Stats

File Path                        PID    Runtime      # DAGs    # Errors  Last Runtime    Last Run
-------------------------------  -----  ---------  --------  ----------  --------------  -------------------
/opt/airflow/dags/reddit_dag.py                           0           1  0.48s           2025-01-14T15:56:30
================================================================================
[2025-01-14T15:57:27.231+0000] {manager.py:887} INFO - 
================================================================================
DAG File Processing Stats

File Path                        PID    Runtime      # DAGs    # Errors  Last Runtime    Last Run
-------------------------------  -----  ---------  --------  ----------  --------------  -------------------
/opt/airflow/dags/reddit_dag.py                           0           1  0.44s           2025-01-14T15:57:01
================================================================================
[2025-01-14T15:57:57.351+0000] {manager.py:887} INFO - 
================================================================================
DAG File Processing Stats

File Path                        PID    Runtime      # DAGs    # Errors  Last Runtime    Last Run
-------------------------------  -----  ---------  --------  ----------  --------------  -------------------
/opt/airflow/dags/reddit_dag.py                           0           1  0.37s           2025-01-14T15:57:31
================================================================================
[2025-01-14T15:58:26.829+0000] {manager.py:755} INFO - Searching for files in /opt/airflow/dags
[2025-01-14T15:58:26.830+0000] {manager.py:758} INFO - There are 1 files in /opt/airflow/dags
[2025-01-14T15:58:27.842+0000] {manager.py:887} INFO - 
================================================================================
DAG File Processing Stats

File Path                        PID    Runtime      # DAGs    # Errors  Last Runtime    Last Run
-------------------------------  -----  ---------  --------  ----------  --------------  -------------------
/opt/airflow/dags/reddit_dag.py                           0           1  0.35s           2025-01-14T15:58:02
================================================================================
[2025-01-14T15:58:58.665+0000] {manager.py:887} INFO - 
================================================================================
DAG File Processing Stats

File Path                        PID    Runtime      # DAGs    # Errors  Last Runtime    Last Run
-------------------------------  -----  ---------  --------  ----------  --------------  -------------------
/opt/airflow/dags/reddit_dag.py                           0           1  0.37s           2025-01-14T15:58:38
================================================================================
[2025-01-14T15:59:28.801+0000] {manager.py:887} INFO - 
================================================================================
DAG File Processing Stats

File Path                        PID    Runtime      # DAGs    # Errors  Last Runtime    Last Run
-------------------------------  -----  ---------  --------  ----------  --------------  -------------------
/opt/airflow/dags/reddit_dag.py                           0           1  0.36s           2025-01-14T15:59:09
================================================================================
[2025-01-14T15:59:59.254+0000] {manager.py:887} INFO - 
================================================================================
DAG File Processing Stats

File Path                        PID    Runtime      # DAGs    # Errors  Last Runtime    Last Run
-------------------------------  -----  ---------  --------  ----------  --------------  -------------------
/opt/airflow/dags/reddit_dag.py                           0           1  0.36s           2025-01-14T15:59:39
================================================================================
[2025-01-14T16:00:29.717+0000] {manager.py:887} INFO - 
================================================================================
DAG File Processing Stats

File Path                        PID    Runtime      # DAGs    # Errors  Last Runtime    Last Run
-------------------------------  -----  ---------  --------  ----------  --------------  -------------------
/opt/airflow/dags/reddit_dag.py                           0           1  0.34s           2025-01-14T16:00:09
================================================================================
[2025-01-14T16:01:00.153+0000] {manager.py:887} INFO - 
================================================================================
DAG File Processing Stats

File Path                        PID    Runtime      # DAGs    # Errors  Last Runtime    Last Run
-------------------------------  -----  ---------  --------  ----------  --------------  -------------------
/opt/airflow/dags/reddit_dag.py                           0           1  0.36s           2025-01-14T16:00:40
================================================================================
[2025-01-14T16:01:30.618+0000] {manager.py:887} INFO - 
================================================================================
DAG File Processing Stats

File Path                        PID    Runtime      # DAGs    # Errors  Last Runtime    Last Run
-------------------------------  -----  ---------  --------  ----------  --------------  -------------------
/opt/airflow/dags/reddit_dag.py                           0           1  0.33s           2025-01-14T16:01:10
================================================================================
[2025-01-14T16:02:01.047+0000] {manager.py:887} INFO - 
================================================================================
DAG File Processing Stats

File Path                        PID    Runtime      # DAGs    # Errors  Last Runtime    Last Run
-------------------------------  -----  ---------  --------  ----------  --------------  -------------------
/opt/airflow/dags/reddit_dag.py                           1           0  0.57s           2025-01-14T16:01:41
================================================================================
[2025-01-14T16:02:31.125+0000] {manager.py:887} INFO - 
================================================================================
DAG File Processing Stats

File Path                        PID    Runtime      # DAGs    # Errors  Last Runtime    Last Run
-------------------------------  -----  ---------  --------  ----------  --------------  -------------------
/opt/airflow/dags/reddit_dag.py                           1           0  0.39s           2025-01-14T16:02:12
================================================================================
[2025-01-14T16:03:01.242+0000] {manager.py:887} INFO - 
================================================================================
DAG File Processing Stats

File Path                        PID    Runtime      # DAGs    # Errors  Last Runtime    Last Run
-------------------------------  -----  ---------  --------  ----------  --------------  -------------------
/opt/airflow/dags/reddit_dag.py                           1           0  0.42s           2025-01-14T16:02:42
================================================================================
[2025-01-14T16:03:27.123+0000] {manager.py:755} INFO - Searching for files in /opt/airflow/dags
[2025-01-14T16:03:27.124+0000] {manager.py:758} INFO - There are 1 files in /opt/airflow/dags
[2025-01-14T16:03:31.774+0000] {manager.py:887} INFO - 
================================================================================
DAG File Processing Stats

File Path                        PID    Runtime      # DAGs    # Errors  Last Runtime    Last Run
-------------------------------  -----  ---------  --------  ----------  --------------  -------------------
/opt/airflow/dags/reddit_dag.py                           1           0  0.38s           2025-01-14T16:03:13
================================================================================
[2025-01-14T16:04:02.267+0000] {manager.py:887} INFO - 
================================================================================
DAG File Processing Stats

File Path                        PID    Runtime      # DAGs    # Errors  Last Runtime    Last Run
-------------------------------  -----  ---------  --------  ----------  --------------  -------------------
/opt/airflow/dags/reddit_dag.py                           1           0  0.38s           2025-01-14T16:03:43
================================================================================
[2025-01-14T16:04:32.393+0000] {manager.py:887} INFO - 
================================================================================
DAG File Processing Stats

File Path                        PID    Runtime      # DAGs    # Errors  Last Runtime    Last Run
-------------------------------  -----  ---------  --------  ----------  --------------  -------------------
/opt/airflow/dags/reddit_dag.py                           1           0  0.65s           2025-01-14T16:04:14
================================================================================
[2025-01-14T16:05:02.533+0000] {manager.py:887} INFO - 
================================================================================
DAG File Processing Stats

File Path                        PID    Runtime      # DAGs    # Errors  Last Runtime    Last Run
-------------------------------  -----  ---------  --------  ----------  --------------  -------------------
/opt/airflow/dags/reddit_dag.py                           1           0  0.47s           2025-01-14T16:04:44
================================================================================
[2025-01-14T16:05:33.109+0000] {manager.py:887} INFO - 
================================================================================
DAG File Processing Stats

File Path                        PID    Runtime      # DAGs    # Errors  Last Runtime    Last Run
-------------------------------  -----  ---------  --------  ----------  --------------  -------------------
/opt/airflow/dags/reddit_dag.py                           1           0  0.38s           2025-01-14T16:05:15
================================================================================
[2025-01-14T16:06:03.617+0000] {manager.py:887} INFO - 
================================================================================
DAG File Processing Stats

File Path                        PID    Runtime      # DAGs    # Errors  Last Runtime    Last Run
-------------------------------  -----  ---------  --------  ----------  --------------  -------------------
/opt/airflow/dags/reddit_dag.py                           1           0  0.39s           2025-01-14T16:05:45
================================================================================
[2025-01-14T16:06:34.130+0000] {manager.py:887} INFO - 
================================================================================
DAG File Processing Stats

File Path                        PID    Runtime      # DAGs    # Errors  Last Runtime    Last Run
-------------------------------  -----  ---------  --------  ----------  --------------  -------------------
/opt/airflow/dags/reddit_dag.py                           1           0  0.39s           2025-01-14T16:06:16
================================================================================
[2025-01-14T16:07:04.648+0000] {manager.py:887} INFO - 
================================================================================
DAG File Processing Stats

File Path                        PID    Runtime      # DAGs    # Errors  Last Runtime    Last Run
-------------------------------  -----  ---------  --------  ----------  --------------  -------------------
/opt/airflow/dags/reddit_dag.py                           1           0  0.36s           2025-01-14T16:06:46
================================================================================
[2025-01-14T16:07:35.127+0000] {manager.py:887} INFO - 
================================================================================
DAG File Processing Stats

File Path                        PID    Runtime      # DAGs    # Errors  Last Runtime    Last Run
-------------------------------  -----  ---------  --------  ----------  --------------  -------------------
/opt/airflow/dags/reddit_dag.py                           1           0  0.41s           2025-01-14T16:07:17
================================================================================
[2025-01-14T16:08:05.669+0000] {manager.py:887} INFO - 
================================================================================
DAG File Processing Stats

File Path                        PID    Runtime      # DAGs    # Errors  Last Runtime    Last Run
-------------------------------  -----  ---------  --------  ----------  --------------  -------------------
/opt/airflow/dags/reddit_dag.py                           1           0  0.41s           2025-01-14T16:07:48
================================================================================
[2025-01-14T16:08:27.162+0000] {manager.py:755} INFO - Searching for files in /opt/airflow/dags
[2025-01-14T16:08:27.163+0000] {manager.py:758} INFO - There are 1 files in /opt/airflow/dags
[2025-01-14T16:08:36.203+0000] {manager.py:887} INFO - 
================================================================================
DAG File Processing Stats

File Path                        PID    Runtime      # DAGs    # Errors  Last Runtime    Last Run
-------------------------------  -----  ---------  --------  ----------  --------------  -------------------
/opt/airflow/dags/reddit_dag.py                           1           0  0.42s           2025-01-14T16:08:18
================================================================================
[2025-01-14T16:09:06.226+0000] {manager.py:887} INFO - 
================================================================================
DAG File Processing Stats

File Path                        PID    Runtime      # DAGs    # Errors  Last Runtime    Last Run
-------------------------------  -----  ---------  --------  ----------  --------------  -------------------
/opt/airflow/dags/reddit_dag.py                           1           0  0.50s           2025-01-14T16:08:49
================================================================================
[2025-01-14T16:09:36.364+0000] {manager.py:887} INFO - 
================================================================================
DAG File Processing Stats

File Path                        PID    Runtime      # DAGs    # Errors  Last Runtime    Last Run
-------------------------------  -----  ---------  --------  ----------  --------------  -------------------
/opt/airflow/dags/reddit_dag.py                           1           0  0.39s           2025-01-14T16:09:19
================================================================================
[2025-01-14T16:10:06.860+0000] {manager.py:887} INFO - 
================================================================================
DAG File Processing Stats

File Path                        PID    Runtime      # DAGs    # Errors  Last Runtime    Last Run
-------------------------------  -----  ---------  --------  ----------  --------------  -------------------
/opt/airflow/dags/reddit_dag.py                           1           0  0.42s           2025-01-14T16:09:50
================================================================================
[2025-01-14T16:10:37.400+0000] {manager.py:887} INFO - 
================================================================================
DAG File Processing Stats

File Path                        PID    Runtime      # DAGs    # Errors  Last Runtime    Last Run
-------------------------------  -----  ---------  --------  ----------  --------------  -------------------
/opt/airflow/dags/reddit_dag.py                           1           0  0.43s           2025-01-14T16:10:20
================================================================================
[2025-01-14T16:11:07.938+0000] {manager.py:887} INFO - 
================================================================================
DAG File Processing Stats

File Path                        PID    Runtime      # DAGs    # Errors  Last Runtime    Last Run
-------------------------------  -----  ---------  --------  ----------  --------------  -------------------
/opt/airflow/dags/reddit_dag.py                           1           0  0.38s           2025-01-14T16:10:51
================================================================================
[2025-01-14T16:11:38.432+0000] {manager.py:887} INFO - 
================================================================================
DAG File Processing Stats

File Path                        PID    Runtime      # DAGs    # Errors  Last Runtime    Last Run
-------------------------------  -----  ---------  --------  ----------  --------------  -------------------
/opt/airflow/dags/reddit_dag.py                           1           0  0.38s           2025-01-14T16:11:21
================================================================================
[2025-01-14T16:12:08.914+0000] {manager.py:887} INFO - 
================================================================================
DAG File Processing Stats

File Path                        PID    Runtime      # DAGs    # Errors  Last Runtime    Last Run
-------------------------------  -----  ---------  --------  ----------  --------------  -------------------
/opt/airflow/dags/reddit_dag.py                           1           0  0.39s           2025-01-14T16:11:52
================================================================================
[2025-01-14T16:12:39.409+0000] {manager.py:887} INFO - 
================================================================================
DAG File Processing Stats

File Path                        PID    Runtime      # DAGs    # Errors  Last Runtime    Last Run
-------------------------------  -----  ---------  --------  ----------  --------------  -------------------
/opt/airflow/dags/reddit_dag.py                           1           0  0.38s           2025-01-14T16:12:22
================================================================================
[2025-01-14T16:13:09.902+0000] {manager.py:887} INFO - 
================================================================================
DAG File Processing Stats

File Path                        PID    Runtime      # DAGs    # Errors  Last Runtime    Last Run
-------------------------------  -----  ---------  --------  ----------  --------------  -------------------
/opt/airflow/dags/reddit_dag.py                           1           0  0.43s           2025-01-14T16:12:53
================================================================================
[2025-01-14T16:13:27.388+0000] {manager.py:755} INFO - Searching for files in /opt/airflow/dags
[2025-01-14T16:13:27.389+0000] {manager.py:758} INFO - There are 1 files in /opt/airflow/dags
[2025-01-14T16:13:40.438+0000] {manager.py:887} INFO - 
================================================================================
DAG File Processing Stats

File Path                        PID    Runtime      # DAGs    # Errors  Last Runtime    Last Run
-------------------------------  -----  ---------  --------  ----------  --------------  -------------------
/opt/airflow/dags/reddit_dag.py                           1           0  0.39s           2025-01-14T16:13:23
================================================================================
[2025-01-14T16:14:10.944+0000] {manager.py:887} INFO - 
================================================================================
DAG File Processing Stats

File Path                        PID    Runtime      # DAGs    # Errors  Last Runtime    Last Run
-------------------------------  -----  ---------  --------  ----------  --------------  -------------------
/opt/airflow/dags/reddit_dag.py                           1           0  0.39s           2025-01-14T16:13:54
================================================================================
[2025-01-14T16:14:41.454+0000] {manager.py:887} INFO - 
================================================================================
DAG File Processing Stats

File Path                        PID    Runtime      # DAGs    # Errors  Last Runtime    Last Run
-------------------------------  -----  ---------  --------  ----------  --------------  -------------------
/opt/airflow/dags/reddit_dag.py                           1           0  0.38s           2025-01-14T16:14:24
================================================================================
[2025-01-14T16:15:11.944+0000] {manager.py:887} INFO - 
================================================================================
DAG File Processing Stats

File Path                        PID    Runtime      # DAGs    # Errors  Last Runtime    Last Run
-------------------------------  -----  ---------  --------  ----------  --------------  -------------------
/opt/airflow/dags/reddit_dag.py                           1           0  0.42s           2025-01-14T16:14:55
================================================================================
[2025-01-14T16:15:42.468+0000] {manager.py:887} INFO - 
================================================================================
DAG File Processing Stats

File Path                        PID    Runtime      # DAGs    # Errors  Last Runtime    Last Run
-------------------------------  -----  ---------  --------  ----------  --------------  -------------------
/opt/airflow/dags/reddit_dag.py                           1           0  0.40s           2025-01-14T16:15:25
================================================================================
[2025-01-14T16:16:12.968+0000] {manager.py:887} INFO - 
================================================================================
DAG File Processing Stats

File Path                        PID    Runtime      # DAGs    # Errors  Last Runtime    Last Run
-------------------------------  -----  ---------  --------  ----------  --------------  -------------------
/opt/airflow/dags/reddit_dag.py                           1           0  0.43s           2025-01-14T16:15:56
================================================================================
[2025-01-14T16:16:43.519+0000] {manager.py:887} INFO - 
================================================================================
DAG File Processing Stats

File Path                        PID    Runtime      # DAGs    # Errors  Last Runtime    Last Run
-------------------------------  -----  ---------  --------  ----------  --------------  -------------------
/opt/airflow/dags/reddit_dag.py                           1           0  0.39s           2025-01-14T16:16:26
================================================================================
[2025-01-14T16:17:14.023+0000] {manager.py:887} INFO - 
================================================================================
DAG File Processing Stats

File Path                        PID    Runtime      # DAGs    # Errors  Last Runtime    Last Run
-------------------------------  -----  ---------  --------  ----------  --------------  -------------------
/opt/airflow/dags/reddit_dag.py                           1           0  0.39s           2025-01-14T16:16:57
================================================================================
[2025-01-14T16:17:44.518+0000] {manager.py:887} INFO - 
================================================================================
DAG File Processing Stats

File Path                        PID    Runtime      # DAGs    # Errors  Last Runtime    Last Run
-------------------------------  -----  ---------  --------  ----------  --------------  -------------------
/opt/airflow/dags/reddit_dag.py                           1           0  0.40s           2025-01-14T16:17:27
================================================================================
[2025-01-14T16:18:15.020+0000] {manager.py:887} INFO - 
================================================================================
DAG File Processing Stats

File Path                        PID    Runtime      # DAGs    # Errors  Last Runtime    Last Run
-------------------------------  -----  ---------  --------  ----------  --------------  -------------------
/opt/airflow/dags/reddit_dag.py                           1           0  0.41s           2025-01-14T16:17:58
================================================================================
[2025-01-14T16:18:27.472+0000] {manager.py:755} INFO - Searching for files in /opt/airflow/dags
[2025-01-14T16:18:27.473+0000] {manager.py:758} INFO - There are 1 files in /opt/airflow/dags
[2025-01-14T16:18:45.559+0000] {manager.py:887} INFO - 
================================================================================
DAG File Processing Stats

File Path                        PID    Runtime      # DAGs    # Errors  Last Runtime    Last Run
-------------------------------  -----  ---------  --------  ----------  --------------  -------------------
/opt/airflow/dags/reddit_dag.py                           1           0  0.39s           2025-01-14T16:18:28
================================================================================
[2025-01-14T16:19:16.057+0000] {manager.py:887} INFO - 
================================================================================
DAG File Processing Stats

File Path                        PID    Runtime      # DAGs    # Errors  Last Runtime    Last Run
-------------------------------  -----  ---------  --------  ----------  --------------  -------------------
/opt/airflow/dags/reddit_dag.py                           1           0  0.41s           2025-01-14T16:18:59
================================================================================
[2025-01-14T16:19:46.567+0000] {manager.py:887} INFO - 
================================================================================
DAG File Processing Stats

File Path                        PID    Runtime      # DAGs    # Errors  Last Runtime    Last Run
-------------------------------  -----  ---------  --------  ----------  --------------  -------------------
/opt/airflow/dags/reddit_dag.py                           1           0  0.39s           2025-01-14T16:19:29
================================================================================
[2025-01-14T16:20:17.075+0000] {manager.py:887} INFO - 
================================================================================
DAG File Processing Stats

File Path                        PID    Runtime      # DAGs    # Errors  Last Runtime    Last Run
-------------------------------  -----  ---------  --------  ----------  --------------  -------------------
/opt/airflow/dags/reddit_dag.py                           1           0  0.39s           2025-01-14T16:20:00
================================================================================
[2025-01-14T16:20:47.572+0000] {manager.py:887} INFO - 
================================================================================
DAG File Processing Stats

File Path                        PID    Runtime      # DAGs    # Errors  Last Runtime    Last Run
-------------------------------  -----  ---------  --------  ----------  --------------  -------------------
/opt/airflow/dags/reddit_dag.py                           1           0  0.38s           2025-01-14T16:20:30
================================================================================
[2025-01-14T16:21:18.064+0000] {manager.py:887} INFO - 
================================================================================
DAG File Processing Stats

File Path                        PID    Runtime      # DAGs    # Errors  Last Runtime    Last Run
-------------------------------  -----  ---------  --------  ----------  --------------  -------------------
/opt/airflow/dags/reddit_dag.py                           1           0  0.39s           2025-01-14T16:21:01
================================================================================
[2025-01-14T16:21:48.563+0000] {manager.py:887} INFO - 
================================================================================
DAG File Processing Stats

File Path                        PID    Runtime      # DAGs    # Errors  Last Runtime    Last Run
-------------------------------  -----  ---------  --------  ----------  --------------  -------------------
/opt/airflow/dags/reddit_dag.py                           1           0  0.38s           2025-01-14T16:21:31
================================================================================
[2025-01-14T16:22:19.060+0000] {manager.py:887} INFO - 
================================================================================
DAG File Processing Stats

File Path                        PID    Runtime      # DAGs    # Errors  Last Runtime    Last Run
-------------------------------  -----  ---------  --------  ----------  --------------  -------------------
/opt/airflow/dags/reddit_dag.py                           1           0  0.38s           2025-01-14T16:22:02
================================================================================
[2025-01-14T16:22:49.547+0000] {manager.py:887} INFO - 
================================================================================
DAG File Processing Stats

File Path                        PID    Runtime      # DAGs    # Errors  Last Runtime    Last Run
-------------------------------  -----  ---------  --------  ----------  --------------  -------------------
/opt/airflow/dags/reddit_dag.py                           1           0  0.38s           2025-01-14T16:22:32
================================================================================
[2025-01-14T16:23:20.044+0000] {manager.py:887} INFO - 
================================================================================
DAG File Processing Stats

File Path                        PID    Runtime      # DAGs    # Errors  Last Runtime    Last Run
-------------------------------  -----  ---------  --------  ----------  --------------  -------------------
/opt/airflow/dags/reddit_dag.py                           1           0  0.39s           2025-01-14T16:23:03
================================================================================
[2025-01-14T16:23:28.072+0000] {manager.py:755} INFO - Searching for files in /opt/airflow/dags
[2025-01-14T16:23:28.072+0000] {manager.py:758} INFO - There are 1 files in /opt/airflow/dags
[2025-01-14T16:23:50.553+0000] {manager.py:887} INFO - 
================================================================================
DAG File Processing Stats

File Path                        PID    Runtime      # DAGs    # Errors  Last Runtime    Last Run
-------------------------------  -----  ---------  --------  ----------  --------------  -------------------
/opt/airflow/dags/reddit_dag.py                           1           0  0.38s           2025-01-14T16:23:33
================================================================================
[2025-01-14T16:24:21.050+0000] {manager.py:887} INFO - 
================================================================================
DAG File Processing Stats

File Path                        PID    Runtime      # DAGs    # Errors  Last Runtime    Last Run
-------------------------------  -----  ---------  --------  ----------  --------------  -------------------
/opt/airflow/dags/reddit_dag.py                           1           0  0.40s           2025-01-14T16:24:04
================================================================================
[2025-01-14T16:24:51.574+0000] {manager.py:887} INFO - 
================================================================================
DAG File Processing Stats

File Path                        PID    Runtime      # DAGs    # Errors  Last Runtime    Last Run
-------------------------------  -----  ---------  --------  ----------  --------------  -------------------
/opt/airflow/dags/reddit_dag.py                           1           0  0.39s           2025-01-14T16:24:34
================================================================================
[2025-01-14T16:25:22.081+0000] {manager.py:887} INFO - 
================================================================================
DAG File Processing Stats

File Path                        PID    Runtime      # DAGs    # Errors  Last Runtime    Last Run
-------------------------------  -----  ---------  --------  ----------  --------------  -------------------
/opt/airflow/dags/reddit_dag.py                           1           0  0.40s           2025-01-14T16:25:05
================================================================================
[2025-01-14T16:25:52.608+0000] {manager.py:887} INFO - 
================================================================================
DAG File Processing Stats

File Path                        PID    Runtime      # DAGs    # Errors  Last Runtime    Last Run
-------------------------------  -----  ---------  --------  ----------  --------------  -------------------
/opt/airflow/dags/reddit_dag.py                           1           0  0.41s           2025-01-14T16:25:35
================================================================================
[2025-01-14T16:26:23.142+0000] {manager.py:887} INFO - 
================================================================================
DAG File Processing Stats

File Path                        PID    Runtime      # DAGs    # Errors  Last Runtime    Last Run
-------------------------------  -----  ---------  --------  ----------  --------------  -------------------
/opt/airflow/dags/reddit_dag.py                           1           0  0.39s           2025-01-14T16:26:06
================================================================================
[2025-01-14T16:26:53.637+0000] {manager.py:887} INFO - 
================================================================================
DAG File Processing Stats

File Path                        PID    Runtime      # DAGs    # Errors  Last Runtime    Last Run
-------------------------------  -----  ---------  --------  ----------  --------------  -------------------
/opt/airflow/dags/reddit_dag.py                           1           0  0.39s           2025-01-14T16:26:36
================================================================================
[2025-01-14T16:27:24.131+0000] {manager.py:887} INFO - 
================================================================================
DAG File Processing Stats

File Path                        PID    Runtime      # DAGs    # Errors  Last Runtime    Last Run
-------------------------------  -----  ---------  --------  ----------  --------------  -------------------
/opt/airflow/dags/reddit_dag.py                           1           0  0.39s           2025-01-14T16:27:07
================================================================================
[2025-01-14T16:27:54.624+0000] {manager.py:887} INFO - 
================================================================================
DAG File Processing Stats

File Path                        PID    Runtime      # DAGs    # Errors  Last Runtime    Last Run
-------------------------------  -----  ---------  --------  ----------  --------------  -------------------
/opt/airflow/dags/reddit_dag.py                           1           0  0.38s           2025-01-14T16:27:37
================================================================================
[2025-01-14T16:28:25.104+0000] {manager.py:887} INFO - 
================================================================================
DAG File Processing Stats

File Path                        PID    Runtime      # DAGs    # Errors  Last Runtime    Last Run
-------------------------------  -----  ---------  --------  ----------  --------------  -------------------
/opt/airflow/dags/reddit_dag.py                           1           0  0.38s           2025-01-14T16:28:08
================================================================================
[2025-01-14T16:28:28.114+0000] {manager.py:755} INFO - Searching for files in /opt/airflow/dags
[2025-01-14T16:28:28.115+0000] {manager.py:758} INFO - There are 1 files in /opt/airflow/dags
[2025-01-14T16:28:55.588+0000] {manager.py:887} INFO - 
================================================================================
DAG File Processing Stats

File Path                        PID    Runtime      # DAGs    # Errors  Last Runtime    Last Run
-------------------------------  -----  ---------  --------  ----------  --------------  -------------------
/opt/airflow/dags/reddit_dag.py                           1           0  0.39s           2025-01-14T16:28:38
================================================================================
[2025-01-14T16:29:26.098+0000] {manager.py:887} INFO - 
================================================================================
DAG File Processing Stats

File Path                        PID    Runtime      # DAGs    # Errors  Last Runtime    Last Run
-------------------------------  -----  ---------  --------  ----------  --------------  -------------------
/opt/airflow/dags/reddit_dag.py                           1           0  0.40s           2025-01-14T16:29:09
================================================================================
[2025-01-14T16:29:56.613+0000] {manager.py:887} INFO - 
================================================================================
DAG File Processing Stats

File Path                        PID    Runtime      # DAGs    # Errors  Last Runtime    Last Run
-------------------------------  -----  ---------  --------  ----------  --------------  -------------------
/opt/airflow/dags/reddit_dag.py                           1           0  0.37s           2025-01-14T16:29:39
================================================================================
[2025-01-14T16:30:27.088+0000] {manager.py:887} INFO - 
================================================================================
DAG File Processing Stats

File Path                        PID    Runtime      # DAGs    # Errors  Last Runtime    Last Run
-------------------------------  -----  ---------  --------  ----------  --------------  -------------------
/opt/airflow/dags/reddit_dag.py                           1           0  0.39s           2025-01-14T16:30:10
================================================================================
[2025-01-14T16:30:57.579+0000] {manager.py:887} INFO - 
================================================================================
DAG File Processing Stats

File Path                        PID    Runtime      # DAGs    # Errors  Last Runtime    Last Run
-------------------------------  -----  ---------  --------  ----------  --------------  -------------------
/opt/airflow/dags/reddit_dag.py                           1           0  0.38s           2025-01-14T16:30:40
================================================================================
[2025-01-14T16:31:28.073+0000] {manager.py:887} INFO - 
================================================================================
DAG File Processing Stats

File Path                        PID    Runtime      # DAGs    # Errors  Last Runtime    Last Run
-------------------------------  -----  ---------  --------  ----------  --------------  -------------------
/opt/airflow/dags/reddit_dag.py                           1           0  0.39s           2025-01-14T16:31:11
================================================================================
[2025-01-14T16:31:58.557+0000] {manager.py:887} INFO - 
================================================================================
DAG File Processing Stats

File Path                        PID    Runtime      # DAGs    # Errors  Last Runtime    Last Run
-------------------------------  -----  ---------  --------  ----------  --------------  -------------------
/opt/airflow/dags/reddit_dag.py                           1           0  0.38s           2025-01-14T16:31:41
================================================================================
[2025-01-14T16:32:29.049+0000] {manager.py:887} INFO - 
================================================================================
DAG File Processing Stats

File Path                        PID    Runtime      # DAGs    # Errors  Last Runtime    Last Run
-------------------------------  -----  ---------  --------  ----------  --------------  -------------------
/opt/airflow/dags/reddit_dag.py                           1           0  0.38s           2025-01-14T16:32:12
================================================================================
[2025-01-14T16:32:59.538+0000] {manager.py:887} INFO - 
================================================================================
DAG File Processing Stats

File Path                        PID    Runtime      # DAGs    # Errors  Last Runtime    Last Run
-------------------------------  -----  ---------  --------  ----------  --------------  -------------------
/opt/airflow/dags/reddit_dag.py                           1           0  0.38s           2025-01-14T16:32:42
================================================================================
[2025-01-14T16:33:28.400+0000] {manager.py:755} INFO - Searching for files in /opt/airflow/dags
[2025-01-14T16:33:28.401+0000] {manager.py:758} INFO - There are 1 files in /opt/airflow/dags
[2025-01-14T16:33:30.016+0000] {manager.py:887} INFO - 
================================================================================
DAG File Processing Stats

File Path                        PID    Runtime      # DAGs    # Errors  Last Runtime    Last Run
-------------------------------  -----  ---------  --------  ----------  --------------  -------------------
/opt/airflow/dags/reddit_dag.py                           1           0  0.39s           2025-01-14T16:33:13
================================================================================
[2025-01-14T16:34:00.524+0000] {manager.py:887} INFO - 
================================================================================
DAG File Processing Stats

File Path                        PID    Runtime      # DAGs    # Errors  Last Runtime    Last Run
-------------------------------  -----  ---------  --------  ----------  --------------  -------------------
/opt/airflow/dags/reddit_dag.py                           1           0  0.37s           2025-01-14T16:33:43
================================================================================
[2025-01-14T16:34:31.001+0000] {manager.py:887} INFO - 
================================================================================
DAG File Processing Stats

File Path                        PID    Runtime      # DAGs    # Errors  Last Runtime    Last Run
-------------------------------  -----  ---------  --------  ----------  --------------  -------------------
/opt/airflow/dags/reddit_dag.py                           1           0  0.40s           2025-01-14T16:34:14
================================================================================
[2025-01-14T16:35:01.503+0000] {manager.py:887} INFO - 
================================================================================
DAG File Processing Stats

File Path                        PID    Runtime      # DAGs    # Errors  Last Runtime    Last Run
-------------------------------  -----  ---------  --------  ----------  --------------  -------------------
/opt/airflow/dags/reddit_dag.py                           1           0  0.41s           2025-01-14T16:34:44
================================================================================
[2025-01-14T16:35:32.016+0000] {manager.py:887} INFO - 
================================================================================
DAG File Processing Stats

File Path                        PID    Runtime      # DAGs    # Errors  Last Runtime    Last Run
-------------------------------  -----  ---------  --------  ----------  --------------  -------------------
/opt/airflow/dags/reddit_dag.py                           1           0  0.40s           2025-01-14T16:35:15
================================================================================
[2025-01-14T16:36:02.510+0000] {manager.py:887} INFO - 
================================================================================
DAG File Processing Stats

File Path                        PID    Runtime      # DAGs    # Errors  Last Runtime    Last Run
-------------------------------  -----  ---------  --------  ----------  --------------  -------------------
/opt/airflow/dags/reddit_dag.py                           1           0  0.39s           2025-01-14T16:35:45
================================================================================
[2025-01-14T16:36:33.017+0000] {manager.py:887} INFO - 
================================================================================
DAG File Processing Stats

File Path                        PID    Runtime      # DAGs    # Errors  Last Runtime    Last Run
-------------------------------  -----  ---------  --------  ----------  --------------  -------------------
/opt/airflow/dags/reddit_dag.py                           1           0  0.43s           2025-01-14T16:36:16
================================================================================
[2025-01-14T16:37:03.546+0000] {manager.py:887} INFO - 
================================================================================
DAG File Processing Stats

File Path                        PID    Runtime      # DAGs    # Errors  Last Runtime    Last Run
-------------------------------  -----  ---------  --------  ----------  --------------  -------------------
/opt/airflow/dags/reddit_dag.py                           1           0  0.37s           2025-01-14T16:36:46
================================================================================
[2025-01-14T16:37:34.035+0000] {manager.py:887} INFO - 
================================================================================
DAG File Processing Stats

File Path                        PID    Runtime      # DAGs    # Errors  Last Runtime    Last Run
-------------------------------  -----  ---------  --------  ----------  --------------  -------------------
/opt/airflow/dags/reddit_dag.py                           1           0  0.38s           2025-01-14T16:37:17
================================================================================
[2025-01-14T16:38:04.526+0000] {manager.py:887} INFO - 
================================================================================
DAG File Processing Stats

File Path                        PID    Runtime      # DAGs    # Errors  Last Runtime    Last Run
-------------------------------  -----  ---------  --------  ----------  --------------  -------------------
/opt/airflow/dags/reddit_dag.py                           1           0  0.38s           2025-01-14T16:37:47
================================================================================
[2025-01-14T16:38:28.996+0000] {manager.py:755} INFO - Searching for files in /opt/airflow/dags
[2025-01-14T16:38:28.997+0000] {manager.py:758} INFO - There are 1 files in /opt/airflow/dags
[2025-01-14T16:38:35.025+0000] {manager.py:887} INFO - 
================================================================================
DAG File Processing Stats

File Path                        PID    Runtime      # DAGs    # Errors  Last Runtime    Last Run
-------------------------------  -----  ---------  --------  ----------  --------------  -------------------
/opt/airflow/dags/reddit_dag.py                           1           0  0.39s           2025-01-14T16:38:18
================================================================================
[2025-01-14T16:39:05.511+0000] {manager.py:887} INFO - 
================================================================================
DAG File Processing Stats

File Path                        PID    Runtime      # DAGs    # Errors  Last Runtime    Last Run
-------------------------------  -----  ---------  --------  ----------  --------------  -------------------
/opt/airflow/dags/reddit_dag.py                           1           0  0.39s           2025-01-14T16:38:48
================================================================================
[2025-01-14T16:39:36.018+0000] {manager.py:887} INFO - 
================================================================================
DAG File Processing Stats

File Path                        PID    Runtime      # DAGs    # Errors  Last Runtime    Last Run
-------------------------------  -----  ---------  --------  ----------  --------------  -------------------
/opt/airflow/dags/reddit_dag.py                           1           0  0.41s           2025-01-14T16:39:19
================================================================================
[2025-01-14T16:40:06.539+0000] {manager.py:887} INFO - 
================================================================================
DAG File Processing Stats

File Path                        PID    Runtime      # DAGs    # Errors  Last Runtime    Last Run
-------------------------------  -----  ---------  --------  ----------  --------------  -------------------
/opt/airflow/dags/reddit_dag.py                           1           0  0.37s           2025-01-14T16:39:49
================================================================================
[2025-01-14T16:40:37.019+0000] {manager.py:887} INFO - 
================================================================================
DAG File Processing Stats

File Path                        PID    Runtime      # DAGs    # Errors  Last Runtime    Last Run
-------------------------------  -----  ---------  --------  ----------  --------------  -------------------
/opt/airflow/dags/reddit_dag.py                           1           0  0.38s           2025-01-14T16:40:20
================================================================================
[2025-01-14T16:41:07.519+0000] {manager.py:887} INFO - 
================================================================================
DAG File Processing Stats

File Path                        PID    Runtime      # DAGs    # Errors  Last Runtime    Last Run
-------------------------------  -----  ---------  --------  ----------  --------------  -------------------
/opt/airflow/dags/reddit_dag.py                           1           0  0.38s           2025-01-14T16:40:50
================================================================================
[2025-01-14T16:41:38.009+0000] {manager.py:887} INFO - 
================================================================================
DAG File Processing Stats

File Path                        PID    Runtime      # DAGs    # Errors  Last Runtime    Last Run
-------------------------------  -----  ---------  --------  ----------  --------------  -------------------
/opt/airflow/dags/reddit_dag.py                           1           0  0.39s           2025-01-14T16:41:21
================================================================================
[2025-01-14T16:42:08.512+0000] {manager.py:887} INFO - 
================================================================================
DAG File Processing Stats

File Path                        PID    Runtime      # DAGs    # Errors  Last Runtime    Last Run
-------------------------------  -----  ---------  --------  ----------  --------------  -------------------
/opt/airflow/dags/reddit_dag.py                           1           0  0.42s           2025-01-14T16:41:51
================================================================================
[2025-01-14T16:42:39.049+0000] {manager.py:887} INFO - 
================================================================================
DAG File Processing Stats

File Path                        PID    Runtime      # DAGs    # Errors  Last Runtime    Last Run
-------------------------------  -----  ---------  --------  ----------  --------------  -------------------
/opt/airflow/dags/reddit_dag.py                           1           0  0.39s           2025-01-14T16:42:22
================================================================================
[2025-01-14T16:43:09.553+0000] {manager.py:887} INFO - 
================================================================================
DAG File Processing Stats

File Path                        PID    Runtime      # DAGs    # Errors  Last Runtime    Last Run
-------------------------------  -----  ---------  --------  ----------  --------------  -------------------
/opt/airflow/dags/reddit_dag.py                           1           0  0.37s           2025-01-14T16:42:52
================================================================================
[2025-01-14T16:43:29.383+0000] {manager.py:755} INFO - Searching for files in /opt/airflow/dags
[2025-01-14T16:43:29.384+0000] {manager.py:758} INFO - There are 1 files in /opt/airflow/dags
[2025-01-14T16:43:40.038+0000] {manager.py:887} INFO - 
================================================================================
DAG File Processing Stats

File Path                        PID    Runtime      # DAGs    # Errors  Last Runtime    Last Run
-------------------------------  -----  ---------  --------  ----------  --------------  -------------------
/opt/airflow/dags/reddit_dag.py                           1           0  0.40s           2025-01-14T16:43:23
================================================================================
[2025-01-14T16:43:51.303+0000] {manager.py:469} INFO - Exiting gracefully upon receiving signal 15
